Mplus VERSION 8.4
MUTHEN & MUTHEN
07/14/2025  10:20 AM

INPUT INSTRUCTIONS

  title: model 1

  data: file is ex1_mplus.dat;

  variable: names =
  ID        !number ID for each employee
  organiz   !this is the cluster variable
  job_perf  !job performance
  boss_exp  !experience of boss
  OCB       !organizational citizenship behavior
  sex;      !0=boys 1=girls

  usevar =
  job_perf;

  cluster = organiz; !this variable defines the clusters

  analysis: type = twolevel;



*** WARNING in MODEL command
  All variables are uncorrelated with all other variables in the model.
  Check that this is what is intended.
   1 WARNING(S) FOUND IN THE INPUT INSTRUCTIONS



model 1

SUMMARY OF ANALYSIS

Number of groups                                                 1
Number of observations                                        2000

Number of dependent variables                                    1
Number of independent variables                                  0
Number of continuous latent variables                            0

Observed dependent variables

  Continuous
   JOB_PERF

Variables with special functions

  Cluster variable      ORGANIZ

Estimator                                                      MLR
Information matrix                                        OBSERVED
Maximum number of iterations                                   100
Convergence criterion                                    0.100D-05
Maximum number of EM iterations                                500
Convergence criteria for the EM algorithm
  Loglikelihood change                                   0.100D-02
  Relative loglikelihood change                          0.100D-05
  Derivative                                             0.100D-03
Minimum variance                                         0.100D-03
Maximum number of steepest descent iterations                   20
Maximum number of iterations for H1                           2000
Convergence criterion for H1                             0.100D-03
Optimization algorithm                                         EMA

Input data file(s)
  ex1_mplus.dat
Input data format  FREE


SUMMARY OF DATA

     Number of clusters                        100

     Average cluster size       20.000

     Estimated Intraclass Correlations for the Y Variables

                Intraclass
     Variable  Correlation

     JOB_PERF     0.577




UNIVARIATE SAMPLE STATISTICS


     UNIVARIATE HIGHER-ORDER MOMENT DESCRIPTIVE STATISTICS

         Variable/         Mean/     Skewness/   Minimum/ % with                Percentiles
        Sample Size      Variance    Kurtosis    Maximum  Min/Max      20%/60%    40%/80%    Median

     JOB_PERF              5.308       0.250       2.000    0.25%       4.000      5.000      5.000
            2000.000       1.502      -0.222       9.000    0.65%       6.000      6.000


THE MODEL ESTIMATION TERMINATED NORMALLY



MODEL FIT INFORMATION

Number of Free Parameters                        3

Loglikelihood

          H0 Value                       -2556.361
          H0 Scaling Correction Factor      1.3042
            for MLR
          H1 Value                       -2556.361
          H1 Scaling Correction Factor      1.3042
            for MLR

Information Criteria

          Akaike (AIC)                    5118.722
          Bayesian (BIC)                  5135.525
          Sample-Size Adjusted BIC        5125.994
            (n* = (n + 2) / 24)

Chi-Square Test of Model Fit

          Value                              0.000*
          Degrees of Freedom                     0
          P-Value                           0.0000
          Scaling Correction Factor         1.0000
            for MLR

*   The chi-square value for MLM, MLMV, MLR, ULSMV, WLSM and WLSMV cannot be used
    for chi-square difference testing in the regular way.  MLM, MLR and WLSM
    chi-square difference testing is described on the Mplus website.  MLMV, WLSMV,
    and ULSMV difference testing is done using the DIFFTEST option.

RMSEA (Root Mean Square Error Of Approximation)

          Estimate                           0.000

CFI/TLI

          CFI                                0.000
          TLI                                1.000

Chi-Square Test of Model Fit for the Baseline Model

          Value                              0.000
          Degrees of Freedom                     0
          P-Value                           1.0000

SRMR (Standardized Root Mean Square Residual)

          Value for Within                   0.000
          Value for Between                  0.000



MODEL RESULTS

                                                    Two-Tailed
                    Estimate       S.E.  Est./S.E.    P-Value

Within Level

 Variances
    JOB_PERF           0.639      0.030     21.312      0.000

Between Level

 Means
    JOB_PERF           5.308      0.095     55.857      0.000

 Variances
    JOB_PERF           0.871      0.116      7.516      0.000


QUALITY OF NUMERICAL RESULTS

     Condition Number for the Information Matrix              0.940E-02
       (ratio of smallest to largest eigenvalue)


DIAGRAM INFORMATION

  Mplus diagrams are currently not available for multilevel analysis.
  No diagram output was produced.


     Beginning Time:  10:20:13
        Ending Time:  10:20:13
       Elapsed Time:  00:00:00



MUTHEN & MUTHEN
3463 Stoner Ave.
Los Angeles, CA  90066

Tel: (310) 391-9971
Fax: (310) 391-8971
Web: www.StatModel.com
Support: Support@StatModel.com

Copyright (c) 1998-2019 Muthen & Muthen
