Mplus VERSION 8.4
MUTHEN & MUTHEN
07/14/2025  10:28 AM

INPUT INSTRUCTIONS

  title: model 5

  data: file is ex1_mplus.dat;

  variable: names =
  ID        !number ID for each employee
  organiz   !this is the cluster variable
  job_perf  !job performance
  boss_exp  !experience of boss
  OCB       !organizational citizenship behavior
  sex;      !0=boys 1=girls

  usevar =
  job_perf boss_exp OCB;

  cluster = organiz; !this variable defines the cluster
  within = OCB;
  between = boss_exp; !this defines the between level predictor
  define: center OCB (grandmean);
          center boss_exp (grandmean);
                 !grand mean centering the independent variables, so to have a meaningful
                 !interpetation of the intercept
  analysis: type= twolevel random;
  !"random" allows the inclusion of a random slope

  model: %within%
         beta1j | job_perf on OCB;
         !beta1j is a random name to indicate random slope
         %between%
         job_perf with beta1j;
         job_perf on boss_exp;
         beta1j on boss_exp;

  output: sampstat stdyx;



*** WARNING in OUTPUT command
  STANDARDIZED (STD, STDY, STDYX) options are available only for TYPE=TWOLEVEL RANDOM
  with ESTIMATOR=BAYES.  Request for STANDARDIZED (STD, STDY, STDYX) is ignored.
   1 WARNING(S) FOUND IN THE INPUT INSTRUCTIONS



model 5

SUMMARY OF ANALYSIS

Number of groups                                                 1
Number of observations                                        2000

Number of dependent variables                                    1
Number of independent variables                                  2
Number of continuous latent variables                            1

Observed dependent variables

  Continuous
   JOB_PERF

Observed independent variables
   BOSS_EXP    OCB

Continuous latent variables
   BETA1J

Variables with special functions

  Cluster variable      ORGANIZ

  Within variables
   OCB

  Between variables
   BOSS_EXP

  Centering (GRANDMEAN)
   OCB         BOSS_EXP


Estimator                                                      MLR
Information matrix                                        OBSERVED
Maximum number of iterations                                   100
Convergence criterion                                    0.100D-05
Maximum number of EM iterations                                500
Convergence criteria for the EM algorithm
  Loglikelihood change                                   0.100D-02
  Relative loglikelihood change                          0.100D-05
  Derivative                                             0.100D-03
Minimum variance                                         0.100D-03
Maximum number of steepest descent iterations                   20
Maximum number of iterations for H1                           2000
Convergence criterion for H1                             0.100D-03
Optimization algorithm                                         EMA

Input data file(s)
  ex1_mplus.dat
Input data format  FREE


SUMMARY OF DATA

     Number of clusters                        100

     Average cluster size       20.000

     Estimated Intraclass Correlations for the Y Variables

                Intraclass              Intraclass
     Variable  Correlation   Variable  Correlation

     JOB_PERF     0.222



SAMPLE STATISTICS

NOTE:  The sample statistics for within and between refer to the
       maximum-likelihood estimated within and between covariance
       matrices, respectively.


     ESTIMATED SAMPLE STATISTICS FOR WITHIN


           Means
              JOB_PERF      OCB           BOSS_EXP
              ________      ________      ________
                0.000         0.000         0.000


           Covariances
              JOB_PERF      OCB           BOSS_EXP
              ________      ________      ________
 JOB_PERF       0.890
 OCB            0.571         1.073
 BOSS_EXP       0.000         0.000         0.000


           Correlations
              JOB_PERF      OCB           BOSS_EXP
              ________      ________      ________
 JOB_PERF       1.000
 OCB            0.584         1.000
 BOSS_EXP       0.000         0.000         0.000


     ESTIMATED SAMPLE STATISTICS FOR BETWEEN


           Means
              JOB_PERF      OCB           BOSS_EXP
              ________      ________      ________
                5.308         0.000         0.000


           Covariances
              JOB_PERF      OCB           BOSS_EXP
              ________      ________      ________
 JOB_PERF       0.254
 OCB            0.000         0.000
 BOSS_EXP       2.373         0.000        43.230


           Correlations
              JOB_PERF      OCB           BOSS_EXP
              ________      ________      ________
 JOB_PERF       1.000
 OCB            0.000         0.000
 BOSS_EXP       0.716         0.000         1.000


UNIVARIATE SAMPLE STATISTICS


     UNIVARIATE HIGHER-ORDER MOMENT DESCRIPTIVE STATISTICS

         Variable/         Mean/     Skewness/   Minimum/ % with                Percentiles
        Sample Size      Variance    Kurtosis    Maximum  Min/Max      20%/60%    40%/80%    Median

     JOB_PERF              5.308       0.250       2.000    0.25%       4.000      5.000      5.000
            2000.000       1.502      -0.222       9.000    0.65%       6.000      6.000
     OCB                   0.000       0.064      -2.484    2.55%      -0.484     -0.484     -0.484
            2000.000       1.073      -0.039       2.516    2.80%       0.516      0.516
     BOSS_EXP              0.000      -0.149     -12.300    3.00%      -6.300     -1.300      0.700
             100.000      43.230      -1.039      10.700    5.00%       1.700      6.700


THE MODEL ESTIMATION TERMINATED NORMALLY



MODEL FIT INFORMATION

Number of Free Parameters                        8

Loglikelihood

          H0 Value                       -2376.469
          H0 Scaling Correction Factor      1.1115
            for MLR

Information Criteria

          Akaike (AIC)                    4768.939
          Bayesian (BIC)                  4813.746
          Sample-Size Adjusted BIC        4788.330
            (n* = (n + 2) / 24)



MODEL RESULTS

                                                    Two-Tailed
                    Estimate       S.E.  Est./S.E.    P-Value

Within Level

 Residual Variances
    JOB_PERF           0.569      0.025     22.463      0.000

Between Level

 BETA1J     ON
    BOSS_EXP           0.006      0.004      1.341      0.180

 JOB_PERF   ON
    BOSS_EXP           0.053      0.007      7.409      0.000

 JOB_PERF WITH
    BETA1J             0.030      0.015      2.038      0.042

 Intercepts
    JOB_PERF           5.238      0.047    112.465      0.000
    BETA1J             0.526      0.043     12.185      0.000

 Residual Variances
    JOB_PERF           0.120      0.028      4.355      0.000
    BETA1J             0.037      0.016      2.281      0.023


QUALITY OF NUMERICAL RESULTS

     Condition Number for the Information Matrix              0.217E-02
       (ratio of smallest to largest eigenvalue)


DIAGRAM INFORMATION

  Mplus diagrams are currently not available for multilevel analysis.
  No diagram output was produced.


     Beginning Time:  10:28:07
        Ending Time:  10:28:07
       Elapsed Time:  00:00:00



MUTHEN & MUTHEN
3463 Stoner Ave.
Los Angeles, CA  90066

Tel: (310) 391-9971
Fax: (310) 391-8971
Web: www.StatModel.com
Support: Support@StatModel.com

Copyright (c) 1998-2019 Muthen & Muthen
